Name: 	markup
Description: 	Markup document for Task Manager program
Size: 	null

start Thu Feb 01 10:09:11 PST 2018
stop Thu Feb 01 11:06:50 PST 2018
start Thu Feb 01 11:09:19 PST 2018
stop Thu Feb 01 11:29:32 PST 2018

Total time spent: 1 hour and 17 minutes.

Name: 	TM2
Description: 	The newer, better, hotter TM
Size: 	S

start Fri Feb 09 16:57:47 PST 2018
stop Fri Feb 09 17:07:32 PST 2018
start Mon Feb 12 11:32:16 PST 2018
stop Mon Feb 12 13:03:22 PST 2018
start Mon Feb 12 14:34:35 PST 2018
stop Mon Feb 12 15:34:53 PST 2018
start Mon Feb 12 16:06:17 PST 2018
stop Mon Feb 12 17:12:59 PST 2018

Total time spent: 3 hours and 47 minutes.

